<?xml version="1.0" encoding="UTF-8"?>
<!-- Generated by org.testng.reporters.JUnitReportReporter -->
<testsuite hostname="LAPTOP-FV9KIV8A" failures="0" tests="3" name="com.qa.tests.LoginTests" time="26.901" errors="0" timestamp="2023-02-26T20:30:58 WIB" skipped="0">
  <testcase classname="com.qa.tests.LoginTests" name="invalidPassword" time="9.050"/>
  <system-out/>
  <testcase classname="com.qa.tests.LoginTests" name="successfullLogin" time="10.545"/>
  <system-out/>
  <testcase classname="com.qa.tests.LoginTests" name="invalidUsername" time="7.306"/>
  <system-out/>
</testsuite> <!-- com.qa.tests.LoginTests -->
